<?xml version="1.0" encoding="UTF-8"?>
<testng-results ignored="0" total="1" passed="1" failed="0" skipped="0">
  <reporter-output>
  </reporter-output>
  <suite started-at="2023-02-13T22:53:28 IST" name="Default suite" finished-at="2023-02-13T22:53:32 IST" duration-ms="3461">
    <groups>
    </groups>
    <test started-at="2023-02-13T22:53:28 IST" name="Default test" finished-at="2023-02-13T22:53:32 IST" duration-ms="3461">
      <class name="PractiseSelenium.GithubPractise">
        <test-method signature="tc1()[pri:0, instance:PractiseSelenium.GithubPractise@6babf3bf]" started-at="2023-02-13T22:53:28 IST" name="tc1" finished-at="2023-02-13T22:53:32 IST" duration-ms="3421" status="PASS">
          <reporter-output>
          </reporter-output>
        </test-method> <!-- tc1 -->
      </class> <!-- PractiseSelenium.GithubPractise -->
    </test> <!-- Default test -->
  </suite> <!-- Default suite -->
</testng-results>
